2023-03-05 22:29:39.108750 >>> {command: get_health}
2023-03-05 22:29:39.197271 <<< {isError: false, response: {status: ok}, type: _extensionType, method: ext.flutter.driver}
2023-03-05 22:29:39.198553 >>> {command: waitForCondition, conditionName: FirstFrameRasterizedCondition}
2023-03-05 22:29:40.564115 <<< {isError: false, response: {}, type: _extensionType, method: ext.flutter.driver}
2023-03-05 22:29:40.567354 >>> {command: get_text, finderType: ByText, text: Music App}
2023-03-05 22:29:40.827717 <<< {isError: false, response: {text: Music App}, type: _extensionType, method: ext.flutter.driver}
2023-03-05 22:29:40.833757 >>> {command: get_text, finderType: ByText, text: No Albums added yet}
2023-03-05 22:29:40.843502 <<< {isError: false, response: {text: No Albums added yet}, type: _extensionType, method: ext.flutter.driver}
2023-03-05 22:29:40.848311 >>> {command: tap, finderType: ByType, type: AppbarSearchButton}
2023-03-05 22:29:40.970388 <<< {isError: false, response: {}, type: _extensionType, method: ext.flutter.driver}
2023-03-05 22:29:40.971951 >>> {command: waitFor, finderType: ByText, text: Search for albums}
2023-03-05 22:29:41.411767 <<< {isError: false, response: {}, type: _extensionType, method: ext.flutter.driver}
2023-03-05 22:29:41.413166 >>> {command: get_text, finderType: ByText, text: Search for albums}
2023-03-05 22:29:41.417748 <<< {isError: false, response: {text: Search for albums}, type: _extensionType, method: ext.flutter.driver}
2023-03-05 22:29:41.419941 >>> {command: tap, finderType: ByType, type: AppbarSearchButton}
2023-03-05 22:29:41.467808 <<< {isError: false, response: {}, type: _extensionType, method: ext.flutter.driver}
2023-03-05 22:29:41.468334 >>> {command: waitFor, finderType: ByText, text: Search for albums}
2023-03-05 22:29:41.520707 <<< {isError: false, response: {}, type: _extensionType, method: ext.flutter.driver}
2023-03-05 22:29:41.520892 >>> {command: tap, finderType: ByType, type: TextField}
2023-03-05 22:29:42.211173 <<< {isError: false, response: {}, type: _extensionType, method: ext.flutter.driver}
2023-03-05 22:29:42.212966 >>> {command: enter_text, text: }
2023-03-05 22:29:42.224250 <<< {isError: false, response: {}, type: _extensionType, method: ext.flutter.driver}
2023-03-05 22:29:42.224856 >>> {command: tap, finderType: ByType, type: AppbarSearchButton}
2023-03-05 22:29:43.307367 <<< {isError: false, response: {}, type: _extensionType, method: ext.flutter.driver}
2023-03-05 22:29:43.308390 >>> {command: waitForCondition, conditionName: NoTransientCallbacksCondition}
2023-03-05 22:29:44.332141 <<< {isError: false, response: {}, type: _extensionType, method: ext.flutter.driver}
2023-03-05 22:29:44.332845 >>> {command: get_text, finderType: ByText, text: Somthin wrong happens!}
2023-03-05 22:29:45.348833 <<< {isError: false, response: {text: Somthin wrong happens!}, type: _extensionType, method: ext.flutter.driver}
2023-03-05 22:29:45.351618 >>> {command: tap, finderType: ByType, type: AppbarSearchButton}
2023-03-05 22:29:46.442651 <<< {isError: false, response: {}, type: _extensionType, method: ext.flutter.driver}
2023-03-05 22:29:46.443581 >>> {command: waitFor, finderType: ByText, text: Search for albums}
2023-03-05 22:29:47.465837 <<< {isError: false, response: {}, type: _extensionType, method: ext.flutter.driver}
2023-03-05 22:29:47.466904 >>> {command: tap, finderType: ByType, type: TextField}
2023-03-05 22:29:48.518981 <<< {isError: false, response: {}, type: _extensionType, method: ext.flutter.driver}
2023-03-05 22:29:48.519989 >>> {command: enter_text, text: Selena}
2023-03-05 22:29:48.541242 <<< {isError: false, response: {}, type: _extensionType, method: ext.flutter.driver}
2023-03-05 22:29:48.541874 >>> {command: tap, finderType: ByType, type: AppbarSearchButton}
2023-03-05 22:29:49.554122 <<< {isError: false, response: {}, type: _extensionType, method: ext.flutter.driver}
2023-03-05 22:29:49.554599 >>> {command: waitForCondition, conditionName: NoTransientCallbacksCondition}
2023-03-05 22:29:50.567473 <<< {isError: false, response: {}, type: _extensionType, method: ext.flutter.driver}
2023-03-05 22:29:50.570963 >>> {command: tap, finderType: ByType, type: AppbarSearchButton}
2023-03-05 22:29:51.646254 <<< {isError: false, response: {}, type: _extensionType, method: ext.flutter.driver}
2023-03-05 22:29:51.647191 >>> {command: waitFor, finderType: ByText, text: Search for albums}
2023-03-05 22:29:52.683212 <<< {isError: false, response: {}, type: _extensionType, method: ext.flutter.driver}
2023-03-05 22:29:52.683972 >>> {command: tap, finderType: ByType, type: TextField}
2023-03-05 22:29:53.728244 <<< {isError: false, response: {}, type: _extensionType, method: ext.flutter.driver}
2023-03-05 22:29:53.728774 >>> {command: enter_text, text: Selena}
2023-03-05 22:29:53.736413 <<< {isError: false, response: {}, type: _extensionType, method: ext.flutter.driver}
2023-03-05 22:29:53.737161 >>> {command: tap, finderType: ByType, type: AppbarSearchButton}
2023-03-05 22:29:54.752231 <<< {isError: false, response: {}, type: _extensionType, method: ext.flutter.driver}
2023-03-05 22:29:54.752894 >>> {command: waitForCondition, conditionName: NoTransientCallbacksCondition}
2023-03-05 22:29:55.762359 <<< {isError: false, response: {}, type: _extensionType, method: ext.flutter.driver}
2023-03-05 22:29:55.762862 >>> {command: tap, finderType: ByType, type: Column}
2023-03-05 22:29:56.843332 <<< {isError: false, response: {}, type: _extensionType, method: ext.flutter.driver}
2023-03-05 22:30:28.178253 >>> {command: get_health}
2023-03-05 22:30:28.258361 <<< {isError: false, response: {status: ok}, type: _extensionType, method: ext.flutter.driver}
2023-03-05 22:30:28.259443 >>> {command: waitForCondition, conditionName: FirstFrameRasterizedCondition}
2023-03-05 22:30:29.852107 <<< {isError: false, response: {}, type: _extensionType, method: ext.flutter.driver}
2023-03-05 22:30:29.858452 >>> {command: get_text, finderType: ByText, text: Music App}
2023-03-05 22:30:29.937123 <<< {isError: false, response: {text: Music App}, type: _extensionType, method: ext.flutter.driver}
2023-03-05 22:30:29.942292 >>> {command: get_text, finderType: ByText, text: No Albums added yet}
2023-03-05 22:30:29.947107 <<< {isError: false, response: {text: No Albums added yet}, type: _extensionType, method: ext.flutter.driver}
2023-03-05 22:30:29.948050 >>> {command: tap, finderType: ByType, type: AppbarSearchButton}
2023-03-05 22:30:30.058711 <<< {isError: false, response: {}, type: _extensionType, method: ext.flutter.driver}
2023-03-05 22:30:30.059910 >>> {command: waitFor, finderType: ByText, text: Search for albums}
2023-03-05 22:30:30.457990 <<< {isError: false, response: {}, type: _extensionType, method: ext.flutter.driver}
2023-03-05 22:30:30.458650 >>> {command: get_text, finderType: ByText, text: Search for albums}
2023-03-05 22:30:30.464027 <<< {isError: false, response: {text: Search for albums}, type: _extensionType, method: ext.flutter.driver}
2023-03-05 22:30:30.465446 >>> {command: tap, finderType: ByType, type: AppbarSearchButton}
2023-03-05 22:30:30.510841 <<< {isError: false, response: {}, type: _extensionType, method: ext.flutter.driver}
2023-03-05 22:30:30.511095 >>> {command: waitFor, finderType: ByText, text: Search for albums}
2023-03-05 22:30:30.563324 <<< {isError: false, response: {}, type: _extensionType, method: ext.flutter.driver}
2023-03-05 22:30:30.564042 >>> {command: tap, finderType: ByType, type: TextField}
2023-03-05 22:30:31.153772 <<< {isError: false, response: {}, type: _extensionType, method: ext.flutter.driver}
2023-03-05 22:30:31.155408 >>> {command: enter_text, text: }
2023-03-05 22:30:31.166877 <<< {isError: false, response: {}, type: _extensionType, method: ext.flutter.driver}
2023-03-05 22:30:31.167243 >>> {command: tap, finderType: ByType, type: AppbarSearchButton}
2023-03-05 22:30:32.253815 <<< {isError: false, response: {}, type: _extensionType, method: ext.flutter.driver}
2023-03-05 22:30:32.255231 >>> {command: waitForCondition, conditionName: NoTransientCallbacksCondition}
2023-03-05 22:30:33.282394 <<< {isError: false, response: {}, type: _extensionType, method: ext.flutter.driver}
2023-03-05 22:30:33.283293 >>> {command: get_text, finderType: ByText, text: Somthin wrong happens!}
2023-03-05 22:30:34.299661 <<< {isError: false, response: {text: Somthin wrong happens!}, type: _extensionType, method: ext.flutter.driver}
2023-03-05 22:30:34.301328 >>> {command: tap, finderType: ByType, type: AppbarSearchButton}
2023-03-05 22:30:35.389373 <<< {isError: false, response: {}, type: _extensionType, method: ext.flutter.driver}
2023-03-05 22:30:35.389888 >>> {command: waitFor, finderType: ByText, text: Search for albums}
2023-03-05 22:30:36.395939 <<< {isError: false, response: {}, type: _extensionType, method: ext.flutter.driver}
2023-03-05 22:30:36.396823 >>> {command: tap, finderType: ByType, type: TextField}
2023-03-05 22:30:37.453458 <<< {isError: false, response: {}, type: _extensionType, method: ext.flutter.driver}
2023-03-05 22:30:37.454622 >>> {command: enter_text, text: Selena}
2023-03-05 22:30:37.476349 <<< {isError: false, response: {}, type: _extensionType, method: ext.flutter.driver}
2023-03-05 22:30:37.477002 >>> {command: tap, finderType: ByType, type: AppbarSearchButton}
2023-03-05 22:30:38.525942 <<< {isError: false, response: {}, type: _extensionType, method: ext.flutter.driver}
2023-03-05 22:30:38.526461 >>> {command: waitForCondition, conditionName: NoTransientCallbacksCondition}
2023-03-05 22:30:39.547748 <<< {isError: false, response: {}, type: _extensionType, method: ext.flutter.driver}
2023-03-05 22:30:39.550891 >>> {command: tap, finderType: ByType, type: AppbarSearchButton}
2023-03-05 22:30:40.567133 <<< {isError: false, response: {}, type: _extensionType, method: ext.flutter.driver}
2023-03-05 22:30:40.567903 >>> {command: waitFor, finderType: ByText, text: Search for albums}
2023-03-05 22:30:41.580045 <<< {isError: false, response: {}, type: _extensionType, method: ext.flutter.driver}
2023-03-05 22:30:41.581337 >>> {command: tap, finderType: ByType, type: TextField}
2023-03-05 22:30:42.652001 <<< {isError: false, response: {}, type: _extensionType, method: ext.flutter.driver}
2023-03-05 22:30:42.652801 >>> {command: enter_text, text: Selena}
2023-03-05 22:30:42.659665 <<< {isError: false, response: {}, type: _extensionType, method: ext.flutter.driver}
2023-03-05 22:30:42.660604 >>> {command: tap, finderType: ByType, type: AppbarSearchButton}
2023-03-05 22:30:43.685739 <<< {isError: false, response: {}, type: _extensionType, method: ext.flutter.driver}
2023-03-05 22:30:43.686481 >>> {command: waitForCondition, conditionName: NoTransientCallbacksCondition}
2023-03-05 22:30:44.696464 <<< {isError: false, response: {}, type: _extensionType, method: ext.flutter.driver}
2023-03-05 22:30:44.697066 >>> {command: tap, finderType: ByType, type: Column}
2023-03-05 22:30:45.767924 <<< {isError: false, response: {}, type: _extensionType, method: ext.flutter.driver}
2023-03-05 22:31:51.887282 >>> {command: get_health}
2023-03-05 22:31:51.982666 <<< {isError: false, response: {status: ok}, type: _extensionType, method: ext.flutter.driver}
2023-03-05 22:31:51.983695 >>> {command: waitForCondition, conditionName: FirstFrameRasterizedCondition}
2023-03-05 22:31:53.589079 <<< {isError: false, response: {}, type: _extensionType, method: ext.flutter.driver}
2023-03-05 22:31:53.596409 >>> {command: get_text, finderType: ByText, text: Music App}
2023-03-05 22:31:53.672606 <<< {isError: false, response: {text: Music App}, type: _extensionType, method: ext.flutter.driver}
2023-03-05 22:31:53.677479 >>> {command: get_text, finderType: ByText, text: No Albums added yet}
2023-03-05 22:31:53.682153 <<< {isError: false, response: {text: No Albums added yet}, type: _extensionType, method: ext.flutter.driver}
2023-03-05 22:31:53.683059 >>> {command: tap, finderType: ByType, type: AppbarSearchButton}
2023-03-05 22:31:53.786970 <<< {isError: false, response: {}, type: _extensionType, method: ext.flutter.driver}
2023-03-05 22:31:53.787794 >>> {command: waitFor, finderType: ByText, text: Search for albums}
2023-03-05 22:31:54.212508 <<< {isError: false, response: {}, type: _extensionType, method: ext.flutter.driver}
2023-03-05 22:31:54.213142 >>> {command: get_text, finderType: ByText, text: Search for albums}
2023-03-05 22:31:54.218321 <<< {isError: false, response: {text: Search for albums}, type: _extensionType, method: ext.flutter.driver}
2023-03-05 22:31:54.219818 >>> {command: tap, finderType: ByType, type: AppbarSearchButton}
2023-03-05 22:31:54.265739 <<< {isError: false, response: {}, type: _extensionType, method: ext.flutter.driver}
2023-03-05 22:31:54.265976 >>> {command: waitFor, finderType: ByText, text: Search for albums}
2023-03-05 22:31:54.317952 <<< {isError: false, response: {}, type: _extensionType, method: ext.flutter.driver}
2023-03-05 22:31:54.318723 >>> {command: tap, finderType: ByType, type: TextField}
2023-03-05 22:31:54.966106 <<< {isError: false, response: {}, type: _extensionType, method: ext.flutter.driver}
2023-03-05 22:31:54.967804 >>> {command: enter_text, text: }
2023-03-05 22:31:54.978854 <<< {isError: false, response: {}, type: _extensionType, method: ext.flutter.driver}
2023-03-05 22:31:54.979789 >>> {command: waitForAbsent, finderType: ByText, text: Somthin wrong happens!}
2023-03-05 22:32:24.259746 >>> {command: tap, finderType: ByType, type: AppbarSearchButton}
2023-03-05 22:32:24.614858 <<< {isError: false, response: {}, type: _extensionType, method: ext.flutter.driver}
2023-03-05 22:32:24.615343 >>> {command: waitFor, finderType: ByText, text: Search for albums}
2023-03-05 22:32:25.657521 <<< {isError: false, response: {}, type: _extensionType, method: ext.flutter.driver}
2023-03-05 22:32:25.659062 >>> {command: tap, finderType: ByType, type: AppbarSearchButton}
2023-03-05 22:32:25.661695 <<< {isError: false, response: {}, type: _extensionType, method: ext.flutter.driver}
2023-03-05 22:32:25.662491 >>> {command: tap, finderType: ByType, type: TextField}
2023-03-05 22:32:54.000752 >>> {command: get_health}
2023-03-05 22:32:54.086521 <<< {isError: false, response: {status: ok}, type: _extensionType, method: ext.flutter.driver}
2023-03-05 22:32:54.087599 >>> {command: waitForCondition, conditionName: FirstFrameRasterizedCondition}
2023-03-05 22:32:55.695978 <<< {isError: false, response: {}, type: _extensionType, method: ext.flutter.driver}
2023-03-05 22:32:55.701845 >>> {command: get_text, finderType: ByText, text: Music App}
2023-03-05 22:32:55.778842 <<< {isError: false, response: {text: Music App}, type: _extensionType, method: ext.flutter.driver}
2023-03-05 22:32:55.785050 >>> {command: get_text, finderType: ByText, text: No Albums added yet}
2023-03-05 22:32:55.790284 <<< {isError: false, response: {text: No Albums added yet}, type: _extensionType, method: ext.flutter.driver}
2023-03-05 22:32:55.791481 >>> {command: tap, finderType: ByType, type: AppbarSearchButton}
2023-03-05 22:32:55.897046 <<< {isError: false, response: {}, type: _extensionType, method: ext.flutter.driver}
2023-03-05 22:32:55.898125 >>> {command: waitFor, finderType: ByText, text: Search for albums}
2023-03-05 22:32:56.359296 <<< {isError: false, response: {}, type: _extensionType, method: ext.flutter.driver}
2023-03-05 22:32:56.359857 >>> {command: get_text, finderType: ByText, text: Search for albums}
2023-03-05 22:32:56.364700 <<< {isError: false, response: {text: Search for albums}, type: _extensionType, method: ext.flutter.driver}
2023-03-05 22:32:56.366154 >>> {command: tap, finderType: ByType, type: AppbarSearchButton}
2023-03-05 22:32:56.412550 <<< {isError: false, response: {}, type: _extensionType, method: ext.flutter.driver}
2023-03-05 22:32:56.412802 >>> {command: waitFor, finderType: ByText, text: Search for albums}
2023-03-05 22:32:56.466709 <<< {isError: false, response: {}, type: _extensionType, method: ext.flutter.driver}
2023-03-05 22:32:56.467516 >>> {command: tap, finderType: ByType, type: TextField}
2023-03-05 22:32:57.168843 <<< {isError: false, response: {}, type: _extensionType, method: ext.flutter.driver}
2023-03-05 22:32:57.170580 >>> {command: enter_text, text: }
2023-03-05 22:32:57.181646 <<< {isError: false, response: {}, type: _extensionType, method: ext.flutter.driver}
2023-03-05 22:32:57.182718 >>> {command: tap, finderType: ByType, type: AppbarSearchButton}
2023-03-05 22:32:58.271707 <<< {isError: false, response: {}, type: _extensionType, method: ext.flutter.driver}
2023-03-05 22:32:58.272682 >>> {command: waitForCondition, conditionName: NoTransientCallbacksCondition}
2023-03-05 22:32:59.295475 <<< {isError: false, response: {}, type: _extensionType, method: ext.flutter.driver}
2023-03-05 22:32:59.296012 >>> {command: get_text, finderType: ByText, text: Somthin wrong happens!}
2023-03-05 22:33:00.316983 <<< {isError: false, response: {text: Somthin wrong happens!}, type: _extensionType, method: ext.flutter.driver}
2023-03-05 22:33:00.319311 >>> {command: tap, finderType: ByType, type: AppbarSearchButton}
2023-03-05 22:33:01.408946 <<< {isError: false, response: {}, type: _extensionType, method: ext.flutter.driver}
2023-03-05 22:33:01.409836 >>> {command: waitFor, finderType: ByText, text: Search for albums}
2023-03-05 22:33:02.432978 <<< {isError: false, response: {}, type: _extensionType, method: ext.flutter.driver}
2023-03-05 22:33:02.433500 >>> {command: tap, finderType: ByType, type: TextField}
2023-03-05 22:33:03.485359 <<< {isError: false, response: {}, type: _extensionType, method: ext.flutter.driver}
2023-03-05 22:33:03.486183 >>> {command: enter_text, text: Selena}
2023-03-05 22:33:03.506978 <<< {isError: false, response: {}, type: _extensionType, method: ext.flutter.driver}
2023-03-05 22:33:03.507665 >>> {command: tap, finderType: ByType, type: AppbarSearchButton}
2023-03-05 22:33:04.520130 <<< {isError: false, response: {}, type: _extensionType, method: ext.flutter.driver}
2023-03-05 22:33:04.521001 >>> {command: waitForCondition, conditionName: NoTransientCallbacksCondition}
2023-03-05 22:33:05.532944 <<< {isError: false, response: {}, type: _extensionType, method: ext.flutter.driver}
2023-03-05 22:33:05.535429 >>> {command: tap, finderType: ByType, type: AppbarSearchButton}
2023-03-05 22:33:06.610283 <<< {isError: false, response: {}, type: _extensionType, method: ext.flutter.driver}
2023-03-05 22:33:06.610972 >>> {command: waitFor, finderType: ByText, text: Search for albums}
2023-03-05 22:33:07.628 <<< {isError: false, response: {}, type: _extensionType, method: ext.flutter.driver}
2023-03-05 22:33:07.628392 >>> {command: tap, finderType: ByType, type: TextField}
2023-03-05 22:33:08.685663 <<< {isError: false, response: {}, type: _extensionType, method: ext.flutter.driver}
2023-03-05 22:33:08.686445 >>> {command: enter_text, text: Selena}
2023-03-05 22:33:08.738918 <<< {isError: false, response: {}, type: _extensionType, method: ext.flutter.driver}
2023-03-05 22:33:08.739376 >>> {command: tap, finderType: ByType, type: AppbarSearchButton}
2023-03-05 22:33:09.703768 <<< {isError: false, response: {}, type: _extensionType, method: ext.flutter.driver}
2023-03-05 22:33:09.704436 >>> {command: waitForCondition, conditionName: NoTransientCallbacksCondition}
2023-03-05 22:33:10.713626 <<< {isError: false, response: {}, type: _extensionType, method: ext.flutter.driver}
2023-03-05 22:33:10.714301 >>> {command: tap, finderType: ByType, type: Column}
2023-03-05 22:33:11.787675 <<< {isError: false, response: {}, type: _extensionType, method: ext.flutter.driver}
